<!DOCTYPE html PUBLIC "-//W3C//DTD XHTML 1.1//EN" "https://www.w3.org/TR/xhtml11/DTD/xhtml11.dtd">
<html xmlns="https://www.w3.org/1999/xhtml">
<head>
<meta http-equiv="content-type" content="text/html; charset=UTF-8"/>
<title>TestNG Report</title>
<style type="text/css">table {margin-bottom:10px;border-collapse:collapse;empty-cells:show}th,td {border:1px solid #009;padding:.25em .5em}th {vertical-align:bottom}td {vertical-align:top}table a {font-weight:bold}.stripe td {background-color: #E6EBF9}.num {text-align:right}.passedodd td {background-color: #3F3}.passedeven td {background-color: #0A0}.skippedodd td {background-color: #DDD}.skippedeven td {background-color: #CCC}.failedodd td,.attn {background-color: #F33}.failedeven td,.stripe .attn {background-color: #D00}.stacktrace {white-space:pre;font-family:monospace}.totop {font-size:85%;text-align:center;border-bottom:2px solid #000}.invisible {display:none}</style>
</head>
<body>
<table>
<tr><th>Test</th><th># Passed</th><th># Skipped</th><th># Retried</th><th># Failed</th><th>Time (ms)</th><th>Included Groups</th><th>Excluded Groups</th></tr>
<tr><th colspan="8">Suite</th></tr>
<tr><td><a href="#t0">Validating Text displayed in the Page</a></td><td class="num">1</td><td class="num">0</td><td class="num">0</td><td class="num">0</td><td class="num">16,492</td><td></td><td></td></tr>
<tr class="stripe"><td><a href="#t1">Validating Messages displayed in the Page</a></td><td class="num">2</td><td class="num">0</td><td class="num">0</td><td class="num">0</td><td class="num">19,000</td><td></td><td></td></tr>
<tr><td><a href="#t2">Validating displayed Page</a></td><td class="num">1</td><td class="num">0</td><td class="num">0</td><td class="num">0</td><td class="num">10,324</td><td></td><td></td></tr>
<tr class="stripe"><td><a href="#t3">Validating displayed Site</a></td><td class="num">1</td><td class="num">0</td><td class="num">0</td><td class="num">0</td><td class="num">15,596</td><td></td><td></td></tr>
<tr><td><a href="#t4">Validating displayed Web Page</a></td><td class="num">1</td><td class="num">0</td><td class="num">0</td><td class="num">0</td><td class="num">5,712</td><td></td><td></td></tr>
<tr class="stripe"><td><a href="#t5">Validating Title displayed in the Page</a></td><td class="num">1</td><td class="num">0</td><td class="num">0</td><td class="num">0</td><td class="num">12,576</td><td></td><td></td></tr>
<tr><td><a href="#t6">Validating Lines displayed in the Page</a></td><td class="num">1</td><td class="num">0</td><td class="num">0</td><td class="num attn">1</td><td class="num">21,746</td><td></td><td></td></tr>
<tr class="stripe"><td><a href="#t7">Validating Heading displayed in the Page</a></td><td class="num">1</td><td class="num">0</td><td class="num">0</td><td class="num">0</td><td class="num">10,538</td><td></td><td></td></tr>
<tr><th>Total</th><th class="num">9</th><th class="num">0</th><th class="num">0</th><th class="num attn">1</th><th class="num">111,984</th><th colspan="2"></th></tr>
</table>
<table id='summary'><thead><tr><th>Class</th><th>Method</th><th>Start</th><th>Time (ms)</th></tr></thead><tbody><tr><th colspan="4">Suite</th></tr></tbody><tbody id="t0"><tr><th colspan="4">Validating Text displayed in the Page &#8212; passed</th></tr><tr class="passedeven"><td rowspan="1">urbanLadder.Search</td><td><a href="#m0">homePageNavigation</a></td><td rowspan="1">1632487805076</td><td rowspan="1">6323</td></tr></tbody>
<tbody id="t1"><tr><th colspan="4">Validating Messages displayed in the Page &#8212; passed</th></tr><tr class="passedeven"><td rowspan="2">urbanLadder.TrackOrder</td><td><a href="#m1">validateButton</a></td><td rowspan="2">1632487828092</td><td rowspan="2">6399</td></tr><tr class="passedeven"><td><a href="#m2">validateButton</a></td></tr></tbody>
<tbody id="t2"><tr><th colspan="4">Validating displayed Page &#8212; passed</th></tr><tr class="passedeven"><td rowspan="1">urbanLadder.Header1</td><td><a href="#m3">validatePage</a></td><td rowspan="1">1632487838860</td><td rowspan="1">6001</td></tr></tbody>
<tbody id="t3"><tr><th colspan="4">Validating displayed Site &#8212; passed</th></tr><tr class="passedeven"><td rowspan="1">urbanLadder.Header2</td><td><a href="#m4">validateAddress</a></td><td rowspan="1">1632487849525</td><td rowspan="1">6889</td></tr></tbody>
<tbody id="t4"><tr><th colspan="4">Validating displayed Web Page &#8212; passed</th></tr><tr class="passedeven"><td rowspan="1">urbanLadder.Link1</td><td><a href="#m5">validateOption</a></td><td rowspan="1">1632487864924</td><td rowspan="1">1279</td></tr></tbody>
<tbody id="t5"><tr><th colspan="4">Validating Title displayed in the Page &#8212; failed (configuration methods)</th></tr><tr class="failedeven"><td rowspan="1">urbanLadder.Link2</td><td><a href="#m6">teardown</a></td><td rowspan="1">1632487878560</td><td rowspan="1">322</td></tr><tr><th colspan="4">Validating Title displayed in the Page &#8212; passed</th></tr><tr class="passedeven"><td rowspan="1">urbanLadder.Link2</td><td><a href="#m7">validateTitle</a></td><td rowspan="1">1632487870133</td><td rowspan="1">8425</td></tr></tbody>
<tbody id="t6"><tr><th colspan="4">Validating Lines displayed in the Page &#8212; failed</th></tr><tr class="failedeven"><td rowspan="1">urbanLadder.Subscribe</td><td><a href="#m8">validateSubs</a></td><td rowspan="1">1632487885954</td><td rowspan="1">10115</td></tr><tr><th colspan="4">Validating Lines displayed in the Page &#8212; passed</th></tr><tr class="passedeven"><td rowspan="1">urbanLadder.Subscribe</td><td><a href="#m9">validateSubs</a></td><td rowspan="1">1632487882922</td><td rowspan="1">3031</td></tr></tbody>
<tbody id="t7"><tr><th colspan="4">Validating Heading displayed in the Page &#8212; passed</th></tr><tr class="passedeven"><td rowspan="1">urbanLadder.Button</td><td><a href="#m10">CustStory</a></td><td rowspan="1">1632487907595</td><td rowspan="1">3477</td></tr></tbody>
</table>
<h2>Validating Text displayed in the Page</h2><h3 id="m0">urbanLadder.Search#homePageNavigation</h3><table class="result"><tr><th class="invisible"/></tr></table><p class="totop"><a href="#summary">back to summary</a></p>
<h2>Validating Messages displayed in the Page</h2><h3 id="m1">urbanLadder.TrackOrder#validateButton</h3><table class="result"><tr class="param"><th>Parameter #1</th><th>Parameter #2</th></tr><tr class="param stripe"><td>122</td><td>8231585710</td></tr></table><p class="totop"><a href="#summary">back to summary</a></p>
<h3 id="m2">urbanLadder.TrackOrder#validateButton</h3><table class="result"><tr class="param"><th>Parameter #1</th><th>Parameter #2</th></tr><tr class="param stripe"><td>122</td><td>3434</td></tr></table><p class="totop"><a href="#summary">back to summary</a></p>
<h2>Validating displayed Page</h2><h3 id="m3">urbanLadder.Header1#validatePage</h3><table class="result"><tr><th class="invisible"/></tr></table><p class="totop"><a href="#summary">back to summary</a></p>
<h2>Validating displayed Site</h2><h3 id="m4">urbanLadder.Header2#validateAddress</h3><table class="result"><tr><th class="invisible"/></tr></table><p class="totop"><a href="#summary">back to summary</a></p>
<h2>Validating displayed Web Page</h2><h3 id="m5">urbanLadder.Link1#validateOption</h3><table class="result"><tr><th class="invisible"/></tr></table><p class="totop"><a href="#summary">back to summary</a></p>
<h2>Validating Title displayed in the Page</h2><h3 id="m6">urbanLadder.Link2#teardown</h3><table class="result"><tr><th>Exception</th></tr><tr><td><div class="stacktrace">org.openqa.selenium.remote.UnreachableBrowserException: Error communicating with the remote browser. It may have died.
Build info: version: &apos;3.4.0&apos;, revision: &apos;unknown&apos;, time: &apos;unknown&apos;
System info: host: &apos;KAUSTAV&apos;, ip: &apos;192.168.26.161&apos;, os.name: &apos;Windows 10&apos;, os.arch: &apos;amd64&apos;, os.version: &apos;10.0&apos;, java.version: &apos;16.0.2&apos;
Driver info: driver.version: RemoteWebDriver
Capabilities [{networkConnectionEnabled=false, chrome={chromedriverVersion=93.0.4577.15 (660fc11082ba57405eca2e8c49c3e1af756fbfae-refs/branch-heads/4577@{#203}), userDataDir=C:\Users\KIIT\AppData\Local\Temp\scoped_dir8976_714918866}, timeouts={implicit=0.0, pageLoad=300000.0, script=30000.0}, pageLoadStrategy=normal, unhandledPromptBehavior=dismiss and notify, strictFileInteractability=false, platform=ANY, proxy=Proxy(), goog:chromeOptions={debuggerAddress=localhost:51304}, webauthn:extension:credBlob=true, acceptInsecureCerts=false, browserVersion=93.0.4577.82, browserName=chrome, javascriptEnabled=true, platformName=windows, setWindowRect=true, webauthn:extension:largeBlob=true, webauthn:virtualAuthenticators=true}]
Session ID: 5dbd89fb4027877e2ca4e29cd39c604b
	at org.openqa.selenium.remote.RemoteWebDriver.execute(RemoteWebDriver.java:658)
	at org.openqa.selenium.remote.RemoteWebDriver.execute(RemoteWebDriver.java:694)
	at org.openqa.selenium.remote.RemoteWebDriver.quit(RemoteWebDriver.java:533)
	at urbanLadder.Link2.teardown(Link2.java:44)
Caused by: java.lang.RuntimeException: Process refused to die after 10 seconds, and couldn&apos;t taskkill it: Couldn&apos;t detect pid
	at org.openqa.selenium.os.ProcessUtils.killWinProcess(ProcessUtils.java:133)
	at org.openqa.selenium.os.ProcessUtils.killProcess(ProcessUtils.java:81)
	at org.openqa.selenium.os.UnixProcess$SeleniumWatchDog.destroyHarder(UnixProcess.java:246)
	at org.openqa.selenium.os.UnixProcess$SeleniumWatchDog.access$200(UnixProcess.java:200)
	at org.openqa.selenium.os.UnixProcess.destroy(UnixProcess.java:126)
	at org.openqa.selenium.os.CommandLine.destroy(CommandLine.java:153)
	at org.openqa.selenium.remote.service.DriverService.stop(DriverService.java:221)
	at org.openqa.selenium.remote.service.DriverCommandExecutor.execute(DriverCommandExecutor.java:94)
	at org.openqa.selenium.remote.RemoteWebDriver.execute(RemoteWebDriver.java:637)
	... 27 more
Caused by: java.lang.RuntimeException: Couldn&apos;t detect pid
	at org.openqa.selenium.os.ProcessUtils.getProcessId(ProcessUtils.java:195)
	at org.openqa.selenium.os.ProcessUtils.killWinProcess(ProcessUtils.java:128)
	... 35 more
	at org.openqa.selenium.os.ProcessUtils.getProcessId(ProcessUtils.java:181)
	... 36 more
... Removed 29 stack frames</div></td></tr></table><p class="totop"><a href="#summary">back to summary</a></p>
<h3 id="m7">urbanLadder.Link2#validateTitle</h3><table class="result"><tr><th class="invisible"/></tr></table><p class="totop"><a href="#summary">back to summary</a></p>
<h2>Validating Lines displayed in the Page</h2><h3 id="m8">urbanLadder.Subscribe#validateSubs</h3><table class="result"><tr class="param"><th>Parameter #1</th></tr><tr class="param stripe"><td>xyz</td></tr><tr><th>Exception</th></tr><tr><td><div class="stacktrace">org.openqa.selenium.NoSuchElementException: no such element: Unable to locate element: {&quot;method&quot;:&quot;css selector&quot;,&quot;selector&quot;:&quot;input[id=&apos;email_id&apos;]&quot;}
  (Session info: chrome=93.0.4577.82)
For documentation on this error, please visit: http://seleniumhq.org/exceptions/no_such_element.html
Build info: version: &apos;3.4.0&apos;, revision: &apos;unknown&apos;, time: &apos;unknown&apos;
System info: host: &apos;KAUSTAV&apos;, ip: &apos;192.168.26.161&apos;, os.name: &apos;Windows 10&apos;, os.arch: &apos;amd64&apos;, os.version: &apos;10.0&apos;, java.version: &apos;16.0.2&apos;
Driver info: org.openqa.selenium.chrome.ChromeDriver
Capabilities [{networkConnectionEnabled=false, chrome={chromedriverVersion=93.0.4577.15 (660fc11082ba57405eca2e8c49c3e1af756fbfae-refs/branch-heads/4577@{#203}), userDataDir=C:\Users\KIIT\AppData\Local\Temp\scoped_dir7968_410243733}, timeouts={implicit=0.0, pageLoad=300000.0, script=30000.0}, pageLoadStrategy=normal, unhandledPromptBehavior=dismiss and notify, strictFileInteractability=false, platform=ANY, proxy=Proxy(), goog:chromeOptions={debuggerAddress=localhost:57219}, webauthn:extension:credBlob=true, acceptInsecureCerts=false, browserVersion=93.0.4577.82, browserName=chrome, javascriptEnabled=true, platformName=windows, setWindowRect=true, webauthn:extension:largeBlob=true, webauthn:virtualAuthenticators=true}]
Session ID: 33b2a0545c4b4c4b400c00280ab51414
*** Element info: {Using=css selector, value=input[id=&apos;email_id&apos;]}
	at org.openqa.selenium.remote.http.W3CHttpResponseCodec.createException(W3CHttpResponseCodec.java:150)
	at org.openqa.selenium.remote.http.W3CHttpResponseCodec.decode(W3CHttpResponseCodec.java:115)
	at org.openqa.selenium.remote.http.W3CHttpResponseCodec.decode(W3CHttpResponseCodec.java:45)
	at org.openqa.selenium.remote.HttpCommandExecutor.execute(HttpCommandExecutor.java:164)
	at org.openqa.selenium.remote.service.DriverCommandExecutor.execute(DriverCommandExecutor.java:82)
	at org.openqa.selenium.remote.RemoteWebDriver.execute(RemoteWebDriver.java:637)
	at org.openqa.selenium.remote.RemoteWebDriver.findElement(RemoteWebDriver.java:410)
	at org.openqa.selenium.remote.RemoteWebDriver.findElementByCssSelector(RemoteWebDriver.java:501)
	at org.openqa.selenium.By$ByCssSelector.findElement(By.java:430)
	at org.openqa.selenium.remote.RemoteWebDriver.findElement(RemoteWebDriver.java:402)
	at urbanLadder.Subscribe.validateSubs(Subscribe.java:24)
	at java.base/java.util.ArrayList.forEach(ArrayList.java:1511)
... Removed 32 stack frames</div></td></tr></table><p class="totop"><a href="#summary">back to summary</a></p>
<h3 id="m9">urbanLadder.Subscribe#validateSubs</h3><table class="result"><tr class="param"><th>Parameter #1</th></tr><tr class="param stripe"><td>abc@gmail.com</td></tr></table><p class="totop"><a href="#summary">back to summary</a></p>
<h2>Validating Heading displayed in the Page</h2><h3 id="m10">urbanLadder.Button#CustStory</h3><table class="result"><tr><th class="invisible"/></tr></table><p class="totop"><a href="#summary">back to summary</a></p>
</body>
</html>
