<?xml version="1.0" encoding="UTF-8"?>
<testng-results ignored="0" total="10" passed="9" failed="1" skipped="0">
  <reporter-output>
  </reporter-output>
  <suite started-at="2021-09-24T18:19:59 IST" name="Suite" finished-at="2021-09-24T18:21:51 IST" duration-ms="112095">
    <groups>
    </groups>
    <test started-at="2021-09-24T18:19:59 IST" name="Validating Text displayed in the Page" finished-at="2021-09-24T18:20:15 IST" duration-ms="16492">
      <class name="urbanLadder.Search">
        <test-method is-config="true" signature="initialize()[pri:0, instance:urbanLadder.Search@72a85671]" started-at="2021-09-24T18:19:59 IST" name="initialize" finished-at="2021-09-24T18:20:05 IST" duration-ms="5858" status="PASS">
          <reporter-output>
          </reporter-output>
        </test-method> <!-- initialize -->
        <test-method signature="homePageNavigation()[pri:0, instance:urbanLadder.Search@72a85671]" started-at="2021-09-24T18:20:05 IST" name="homePageNavigation" finished-at="2021-09-24T18:20:11 IST" duration-ms="6323" status="PASS">
          <reporter-output>
          </reporter-output>
        </test-method> <!-- homePageNavigation -->
        <test-method is-config="true" signature="teardown()[pri:0, instance:urbanLadder.Search@72a85671]" started-at="2021-09-24T18:20:11 IST" name="teardown" finished-at="2021-09-24T18:20:15 IST" duration-ms="4236" status="PASS">
          <reporter-output>
          </reporter-output>
        </test-method> <!-- teardown -->
      </class> <!-- urbanLadder.Search -->
    </test> <!-- Validating Text displayed in the Page -->
    <test started-at="2021-09-24T18:20:15 IST" name="Validating Messages displayed in the Page" finished-at="2021-09-24T18:20:34 IST" duration-ms="19000">
      <class name="urbanLadder.TrackOrder">
        <test-method is-config="true" signature="initialize()[pri:0, instance:urbanLadder.TrackOrder@5241cf67]" started-at="2021-09-24T18:20:15 IST" name="initialize" finished-at="2021-09-24T18:20:19 IST" duration-ms="3783" status="PASS">
          <reporter-output>
          </reporter-output>
        </test-method> <!-- initialize -->
        <test-method signature="validateButton(java.lang.String,java.lang.String)[pri:0, instance:urbanLadder.TrackOrder@5241cf67]" started-at="2021-09-24T18:20:19 IST" name="validateButton" data-provider="getData" finished-at="2021-09-24T18:20:28 IST" duration-ms="8619" status="PASS">
          <params>
            <param index="0">
              <value>
                <![CDATA[122]]>
              </value>
            </param>
            <param index="1">
              <value>
                <![CDATA[3434]]>
              </value>
            </param>
          </params>
          <reporter-output>
          </reporter-output>
        </test-method> <!-- validateButton -->
        <test-method signature="validateButton(java.lang.String,java.lang.String)[pri:0, instance:urbanLadder.TrackOrder@5241cf67]" started-at="2021-09-24T18:20:28 IST" name="validateButton" data-provider="getData" finished-at="2021-09-24T18:20:34 IST" duration-ms="6399" status="PASS">
          <params>
            <param index="0">
              <value>
                <![CDATA[122]]>
              </value>
            </param>
            <param index="1">
              <value>
                <![CDATA[8231585710]]>
              </value>
            </param>
          </params>
          <reporter-output>
          </reporter-output>
        </test-method> <!-- validateButton -->
        <test-method is-config="true" signature="teardown()[pri:0, instance:urbanLadder.TrackOrder@5241cf67]" started-at="2021-09-24T18:20:34 IST" name="teardown" finished-at="2021-09-24T18:20:34 IST" duration-ms="183" status="PASS">
          <reporter-output>
          </reporter-output>
        </test-method> <!-- teardown -->
      </class> <!-- urbanLadder.TrackOrder -->
    </test> <!-- Validating Messages displayed in the Page -->
    <test started-at="2021-09-24T18:20:34 IST" name="Validating displayed Page" finished-at="2021-09-24T18:20:45 IST" duration-ms="10324">
      <class name="urbanLadder.Header1">
        <test-method is-config="true" signature="initialize()[pri:0, instance:urbanLadder.Header1@72bd06ca]" started-at="2021-09-24T18:20:34 IST" name="initialize" finished-at="2021-09-24T18:20:38 IST" duration-ms="4174" status="PASS">
          <reporter-output>
          </reporter-output>
        </test-method> <!-- initialize -->
        <test-method signature="validatePage()[pri:0, instance:urbanLadder.Header1@72bd06ca]" started-at="2021-09-24T18:20:38 IST" name="validatePage" finished-at="2021-09-24T18:20:44 IST" duration-ms="6001" status="PASS">
          <reporter-output>
          </reporter-output>
        </test-method> <!-- validatePage -->
        <test-method is-config="true" signature="teardown()[pri:0, instance:urbanLadder.Header1@72bd06ca]" started-at="2021-09-24T18:20:44 IST" name="teardown" finished-at="2021-09-24T18:20:45 IST" duration-ms="144" status="PASS">
          <reporter-output>
          </reporter-output>
        </test-method> <!-- teardown -->
      </class> <!-- urbanLadder.Header1 -->
    </test> <!-- Validating displayed Page -->
    <test started-at="2021-09-24T18:20:45 IST" name="Validating displayed Site" finished-at="2021-09-24T18:21:00 IST" duration-ms="15596">
      <class name="urbanLadder.Header2">
        <test-method is-config="true" signature="initialize()[pri:0, instance:urbanLadder.Header2@1a1da881]" started-at="2021-09-24T18:20:45 IST" name="initialize" finished-at="2021-09-24T18:20:49 IST" duration-ms="4504" status="PASS">
          <reporter-output>
          </reporter-output>
        </test-method> <!-- initialize -->
        <test-method signature="validateAddress()[pri:0, instance:urbanLadder.Header2@1a1da881]" started-at="2021-09-24T18:20:49 IST" name="validateAddress" finished-at="2021-09-24T18:20:56 IST" duration-ms="6889" status="PASS">
          <reporter-output>
          </reporter-output>
        </test-method> <!-- validateAddress -->
        <test-method is-config="true" signature="teardown()[pri:0, instance:urbanLadder.Header2@1a1da881]" started-at="2021-09-24T18:20:56 IST" name="teardown" finished-at="2021-09-24T18:21:00 IST" duration-ms="4194" status="PASS">
          <reporter-output>
          </reporter-output>
        </test-method> <!-- teardown -->
      </class> <!-- urbanLadder.Header2 -->
    </test> <!-- Validating displayed Site -->
    <test started-at="2021-09-24T18:21:00 IST" name="Validating displayed Web Page" finished-at="2021-09-24T18:21:06 IST" duration-ms="5712">
      <class name="urbanLadder.Link1">
        <test-method is-config="true" signature="initialize()[pri:0, instance:urbanLadder.Link1@3f2ef586]" started-at="2021-09-24T18:21:00 IST" name="initialize" finished-at="2021-09-24T18:21:04 IST" duration-ms="4295" status="PASS">
          <reporter-output>
          </reporter-output>
        </test-method> <!-- initialize -->
        <test-method signature="validateOption()[pri:0, instance:urbanLadder.Link1@3f2ef586]" started-at="2021-09-24T18:21:04 IST" name="validateOption" finished-at="2021-09-24T18:21:06 IST" duration-ms="1279" status="PASS">
          <reporter-output>
          </reporter-output>
        </test-method> <!-- validateOption -->
        <test-method is-config="true" signature="teardown()[pri:0, instance:urbanLadder.Link1@3f2ef586]" started-at="2021-09-24T18:21:06 IST" name="teardown" finished-at="2021-09-24T18:21:06 IST" duration-ms="133" status="PASS">
          <reporter-output>
          </reporter-output>
        </test-method> <!-- teardown -->
      </class> <!-- urbanLadder.Link1 -->
    </test> <!-- Validating displayed Web Page -->
    <test started-at="2021-09-24T18:21:06 IST" name="Validating Title displayed in the Page" finished-at="2021-09-24T18:21:18 IST" duration-ms="12576">
      <class name="urbanLadder.Link2">
        <test-method is-config="true" signature="initialize()[pri:0, instance:urbanLadder.Link2@4e76dac]" started-at="2021-09-24T18:21:06 IST" name="initialize" finished-at="2021-09-24T18:21:10 IST" duration-ms="3778" status="PASS">
          <reporter-output>
          </reporter-output>
        </test-method> <!-- initialize -->
        <test-method signature="validateTitle()[pri:0, instance:urbanLadder.Link2@4e76dac]" started-at="2021-09-24T18:21:10 IST" name="validateTitle" finished-at="2021-09-24T18:21:18 IST" duration-ms="8425" status="PASS">
          <reporter-output>
          </reporter-output>
        </test-method> <!-- validateTitle -->
        <test-method is-config="true" signature="teardown()[pri:0, instance:urbanLadder.Link2@4e76dac]" started-at="2021-09-24T18:21:18 IST" name="teardown" finished-at="2021-09-24T18:21:18 IST" duration-ms="322" status="FAIL">
          <exception class="org.openqa.selenium.remote.UnreachableBrowserException">
            <message>
              <![CDATA[Error communicating with the remote browser. It may have died.
Build info: version: '3.4.0', revision: 'unknown', time: 'unknown'
System info: host: 'KAUSTAV', ip: '192.168.26.161', os.name: 'Windows 10', os.arch: 'amd64', os.version: '10.0', java.version: '16.0.2'
Driver info: driver.version: RemoteWebDriver
Capabilities [{networkConnectionEnabled=false, chrome={chromedriverVersion=93.0.4577.15 (660fc11082ba57405eca2e8c49c3e1af756fbfae-refs/branch-heads/4577@{#203}), userDataDir=C:\Users\KIIT\AppData\Local\Temp\scoped_dir8976_714918866}, timeouts={implicit=0.0, pageLoad=300000.0, script=30000.0}, pageLoadStrategy=normal, unhandledPromptBehavior=dismiss and notify, strictFileInteractability=false, platform=ANY, proxy=Proxy(), goog:chromeOptions={debuggerAddress=localhost:51304}, webauthn:extension:credBlob=true, acceptInsecureCerts=false, browserVersion=93.0.4577.82, browserName=chrome, javascriptEnabled=true, platformName=windows, setWindowRect=true, webauthn:extension:largeBlob=true, webauthn:virtualAuthenticators=true}]
Session ID: 5dbd89fb4027877e2ca4e29cd39c604b]]>
            </message>
            <full-stacktrace>
              <![CDATA[org.openqa.selenium.remote.UnreachableBrowserException: Error communicating with the remote browser. It may have died.
Build info: version: '3.4.0', revision: 'unknown', time: 'unknown'
System info: host: 'KAUSTAV', ip: '192.168.26.161', os.name: 'Windows 10', os.arch: 'amd64', os.version: '10.0', java.version: '16.0.2'
Driver info: driver.version: RemoteWebDriver
Capabilities [{networkConnectionEnabled=false, chrome={chromedriverVersion=93.0.4577.15 (660fc11082ba57405eca2e8c49c3e1af756fbfae-refs/branch-heads/4577@{#203}), userDataDir=C:\Users\KIIT\AppData\Local\Temp\scoped_dir8976_714918866}, timeouts={implicit=0.0, pageLoad=300000.0, script=30000.0}, pageLoadStrategy=normal, unhandledPromptBehavior=dismiss and notify, strictFileInteractability=false, platform=ANY, proxy=Proxy(), goog:chromeOptions={debuggerAddress=localhost:51304}, webauthn:extension:credBlob=true, acceptInsecureCerts=false, browserVersion=93.0.4577.82, browserName=chrome, javascriptEnabled=true, platformName=windows, setWindowRect=true, webauthn:extension:largeBlob=true, webauthn:virtualAuthenticators=true}]
Session ID: 5dbd89fb4027877e2ca4e29cd39c604b
at org.openqa.selenium.remote.RemoteWebDriver.execute(RemoteWebDriver.java:658)
at org.openqa.selenium.remote.RemoteWebDriver.execute(RemoteWebDriver.java:694)
at org.openqa.selenium.remote.RemoteWebDriver.quit(RemoteWebDriver.java:533)
at urbanLadder.Link2.teardown(Link2.java:44)
at java.base/jdk.internal.reflect.NativeMethodAccessorImpl.invoke0(Native Method)
at java.base/jdk.internal.reflect.NativeMethodAccessorImpl.invoke(NativeMethodAccessorImpl.java:78)
at java.base/jdk.internal.reflect.DelegatingMethodAccessorImpl.invoke(DelegatingMethodAccessorImpl.java:43)
at java.base/java.lang.reflect.Method.invoke(Method.java:567)
at org.testng.internal.MethodInvocationHelper.invokeMethod(MethodInvocationHelper.java:133)
at org.testng.internal.MethodInvocationHelper.invokeMethodConsideringTimeout(MethodInvocationHelper.java:62)
at org.testng.internal.ConfigInvoker.invokeConfigurationMethod(ConfigInvoker.java:385)
at org.testng.internal.ConfigInvoker.invokeConfigurations(ConfigInvoker.java:321)
at org.testng.TestRunner.invokeTestConfigurations(TestRunner.java:637)
at org.testng.TestRunner.afterRun(TestRunner.java:877)
at org.testng.TestRunner.run(TestRunner.java:599)
at org.testng.SuiteRunner.runTest(SuiteRunner.java:377)
at org.testng.SuiteRunner.runSequentially(SuiteRunner.java:371)
at org.testng.SuiteRunner.privateRun(SuiteRunner.java:332)
at org.testng.SuiteRunner.run(SuiteRunner.java:276)
at org.testng.SuiteRunnerWorker.runSuite(SuiteRunnerWorker.java:53)
at org.testng.SuiteRunnerWorker.run(SuiteRunnerWorker.java:96)
at org.testng.TestNG.runSuitesSequentially(TestNG.java:1212)
at org.testng.TestNG.runSuitesLocally(TestNG.java:1134)
at org.testng.TestNG.runSuites(TestNG.java:1063)
at org.testng.TestNG.run(TestNG.java:1031)
at org.testng.remote.AbstractRemoteTestNG.run(AbstractRemoteTestNG.java:115)
at org.testng.remote.RemoteTestNG.initAndRun(RemoteTestNG.java:251)
at org.testng.remote.RemoteTestNG.main(RemoteTestNG.java:77)
Caused by: java.lang.RuntimeException: Process refused to die after 10 seconds, and couldn't taskkill it: Couldn't detect pid
at org.openqa.selenium.os.ProcessUtils.killWinProcess(ProcessUtils.java:133)
at org.openqa.selenium.os.ProcessUtils.killProcess(ProcessUtils.java:81)
at org.openqa.selenium.os.UnixProcess$SeleniumWatchDog.destroyHarder(UnixProcess.java:246)
at org.openqa.selenium.os.UnixProcess$SeleniumWatchDog.access$200(UnixProcess.java:200)
at org.openqa.selenium.os.UnixProcess.destroy(UnixProcess.java:126)
at org.openqa.selenium.os.CommandLine.destroy(CommandLine.java:153)
at org.openqa.selenium.remote.service.DriverService.stop(DriverService.java:221)
at org.openqa.selenium.remote.service.DriverCommandExecutor.execute(DriverCommandExecutor.java:94)
at org.openqa.selenium.remote.RemoteWebDriver.execute(RemoteWebDriver.java:637)
... 27 more
Caused by: java.lang.RuntimeException: Couldn't detect pid
at org.openqa.selenium.os.ProcessUtils.getProcessId(ProcessUtils.java:195)
at org.openqa.selenium.os.ProcessUtils.killWinProcess(ProcessUtils.java:128)
... 35 more
Caused by: java.lang.reflect.InaccessibleObjectException: Unable to make field private final long java.lang.ProcessImpl.handle accessible: module java.base does not "opens java.lang" to unnamed module @234bef66
at java.base/java.lang.reflect.AccessibleObject.checkCanSetAccessible(AccessibleObject.java:357)
at java.base/java.lang.reflect.AccessibleObject.checkCanSetAccessible(AccessibleObject.java:297)
at java.base/java.lang.reflect.Field.checkCanSetAccessible(Field.java:177)
at java.base/java.lang.reflect.Field.setAccessible(Field.java:171)
at org.openqa.selenium.os.ProcessUtils.getProcessId(ProcessUtils.java:181)
... 36 more
]]>
            </full-stacktrace>
          </exception> <!-- org.openqa.selenium.remote.UnreachableBrowserException -->
          <reporter-output>
          </reporter-output>
        </test-method> <!-- teardown -->
      </class> <!-- urbanLadder.Link2 -->
    </test> <!-- Validating Title displayed in the Page -->
    <test started-at="2021-09-24T18:21:18 IST" name="Validating Lines displayed in the Page" finished-at="2021-09-24T18:21:40 IST" duration-ms="21746">
      <class name="urbanLadder.Subscribe">
        <test-method is-config="true" signature="initialize()[pri:0, instance:urbanLadder.Subscribe@3d8bbcdc]" started-at="2021-09-24T18:21:18 IST" name="initialize" finished-at="2021-09-24T18:21:22 IST" duration-ms="3972" status="PASS">
          <reporter-output>
          </reporter-output>
        </test-method> <!-- initialize -->
        <test-method signature="validateSubs(java.lang.String)[pri:0, instance:urbanLadder.Subscribe@3d8bbcdc]" started-at="2021-09-24T18:21:22 IST" name="validateSubs" data-provider="getData" finished-at="2021-09-24T18:21:25 IST" duration-ms="3031" status="PASS">
          <params>
            <param index="0">
              <value>
                <![CDATA[abc@gmail.com]]>
              </value>
            </param>
          </params>
          <reporter-output>
          </reporter-output>
        </test-method> <!-- validateSubs -->
        <test-method signature="validateSubs(java.lang.String)[pri:0, instance:urbanLadder.Subscribe@3d8bbcdc]" started-at="2021-09-24T18:21:25 IST" name="validateSubs" data-provider="getData" finished-at="2021-09-24T18:21:36 IST" duration-ms="10115" status="FAIL">
          <params>
            <param index="0">
              <value>
                <![CDATA[xyz]]>
              </value>
            </param>
          </params>
          <exception class="org.openqa.selenium.NoSuchElementException">
            <message>
              <![CDATA[no such element: Unable to locate element: {"method":"css selector","selector":"input[id='email_id']"}
  (Session info: chrome=93.0.4577.82)
For documentation on this error, please visit: http://seleniumhq.org/exceptions/no_such_element.html
Build info: version: '3.4.0', revision: 'unknown', time: 'unknown'
System info: host: 'KAUSTAV', ip: '192.168.26.161', os.name: 'Windows 10', os.arch: 'amd64', os.version: '10.0', java.version: '16.0.2'
Driver info: org.openqa.selenium.chrome.ChromeDriver
Capabilities [{networkConnectionEnabled=false, chrome={chromedriverVersion=93.0.4577.15 (660fc11082ba57405eca2e8c49c3e1af756fbfae-refs/branch-heads/4577@{#203}), userDataDir=C:\Users\KIIT\AppData\Local\Temp\scoped_dir7968_410243733}, timeouts={implicit=0.0, pageLoad=300000.0, script=30000.0}, pageLoadStrategy=normal, unhandledPromptBehavior=dismiss and notify, strictFileInteractability=false, platform=ANY, proxy=Proxy(), goog:chromeOptions={debuggerAddress=localhost:57219}, webauthn:extension:credBlob=true, acceptInsecureCerts=false, browserVersion=93.0.4577.82, browserName=chrome, javascriptEnabled=true, platformName=windows, setWindowRect=true, webauthn:extension:largeBlob=true, webauthn:virtualAuthenticators=true}]
Session ID: 33b2a0545c4b4c4b400c00280ab51414
*** Element info: {Using=css selector, value=input[id='email_id']}]]>
            </message>
            <full-stacktrace>
              <![CDATA[org.openqa.selenium.NoSuchElementException: no such element: Unable to locate element: {"method":"css selector","selector":"input[id='email_id']"}
  (Session info: chrome=93.0.4577.82)
For documentation on this error, please visit: http://seleniumhq.org/exceptions/no_such_element.html
Build info: version: '3.4.0', revision: 'unknown', time: 'unknown'
System info: host: 'KAUSTAV', ip: '192.168.26.161', os.name: 'Windows 10', os.arch: 'amd64', os.version: '10.0', java.version: '16.0.2'
Driver info: org.openqa.selenium.chrome.ChromeDriver
Capabilities [{networkConnectionEnabled=false, chrome={chromedriverVersion=93.0.4577.15 (660fc11082ba57405eca2e8c49c3e1af756fbfae-refs/branch-heads/4577@{#203}), userDataDir=C:\Users\KIIT\AppData\Local\Temp\scoped_dir7968_410243733}, timeouts={implicit=0.0, pageLoad=300000.0, script=30000.0}, pageLoadStrategy=normal, unhandledPromptBehavior=dismiss and notify, strictFileInteractability=false, platform=ANY, proxy=Proxy(), goog:chromeOptions={debuggerAddress=localhost:57219}, webauthn:extension:credBlob=true, acceptInsecureCerts=false, browserVersion=93.0.4577.82, browserName=chrome, javascriptEnabled=true, platformName=windows, setWindowRect=true, webauthn:extension:largeBlob=true, webauthn:virtualAuthenticators=true}]
Session ID: 33b2a0545c4b4c4b400c00280ab51414
*** Element info: {Using=css selector, value=input[id='email_id']}
at java.base/jdk.internal.reflect.NativeConstructorAccessorImpl.newInstance0(Native Method)
at java.base/jdk.internal.reflect.NativeConstructorAccessorImpl.newInstance(NativeConstructorAccessorImpl.java:78)
at java.base/jdk.internal.reflect.DelegatingConstructorAccessorImpl.newInstance(DelegatingConstructorAccessorImpl.java:45)
at java.base/java.lang.reflect.Constructor.newInstanceWithCaller(Constructor.java:499)
at java.base/java.lang.reflect.Constructor.newInstance(Constructor.java:480)
at org.openqa.selenium.remote.http.W3CHttpResponseCodec.createException(W3CHttpResponseCodec.java:150)
at org.openqa.selenium.remote.http.W3CHttpResponseCodec.decode(W3CHttpResponseCodec.java:115)
at org.openqa.selenium.remote.http.W3CHttpResponseCodec.decode(W3CHttpResponseCodec.java:45)
at org.openqa.selenium.remote.HttpCommandExecutor.execute(HttpCommandExecutor.java:164)
at org.openqa.selenium.remote.service.DriverCommandExecutor.execute(DriverCommandExecutor.java:82)
at org.openqa.selenium.remote.RemoteWebDriver.execute(RemoteWebDriver.java:637)
at org.openqa.selenium.remote.RemoteWebDriver.findElement(RemoteWebDriver.java:410)
at org.openqa.selenium.remote.RemoteWebDriver.findElementByCssSelector(RemoteWebDriver.java:501)
at org.openqa.selenium.By$ByCssSelector.findElement(By.java:430)
at org.openqa.selenium.remote.RemoteWebDriver.findElement(RemoteWebDriver.java:402)
at urbanLadder.Subscribe.validateSubs(Subscribe.java:24)
at java.base/jdk.internal.reflect.NativeMethodAccessorImpl.invoke0(Native Method)
at java.base/jdk.internal.reflect.NativeMethodAccessorImpl.invoke(NativeMethodAccessorImpl.java:78)
at java.base/jdk.internal.reflect.DelegatingMethodAccessorImpl.invoke(DelegatingMethodAccessorImpl.java:43)
at java.base/java.lang.reflect.Method.invoke(Method.java:567)
at org.testng.internal.MethodInvocationHelper.invokeMethod(MethodInvocationHelper.java:133)
at org.testng.internal.TestInvoker.invokeMethod(TestInvoker.java:598)
at org.testng.internal.TestInvoker.invokeTestMethod(TestInvoker.java:173)
at org.testng.internal.MethodRunner.runInSequence(MethodRunner.java:46)
at org.testng.internal.TestInvoker$MethodInvocationAgent.invoke(TestInvoker.java:824)
at org.testng.internal.TestInvoker.invokeTestMethods(TestInvoker.java:146)
at org.testng.internal.TestMethodWorker.invokeTestMethods(TestMethodWorker.java:146)
at org.testng.internal.TestMethodWorker.run(TestMethodWorker.java:128)
at java.base/java.util.ArrayList.forEach(ArrayList.java:1511)
at org.testng.TestRunner.privateRun(TestRunner.java:794)
at org.testng.TestRunner.run(TestRunner.java:596)
at org.testng.SuiteRunner.runTest(SuiteRunner.java:377)
at org.testng.SuiteRunner.runSequentially(SuiteRunner.java:371)
at org.testng.SuiteRunner.privateRun(SuiteRunner.java:332)
at org.testng.SuiteRunner.run(SuiteRunner.java:276)
at org.testng.SuiteRunnerWorker.runSuite(SuiteRunnerWorker.java:53)
at org.testng.SuiteRunnerWorker.run(SuiteRunnerWorker.java:96)
at org.testng.TestNG.runSuitesSequentially(TestNG.java:1212)
at org.testng.TestNG.runSuitesLocally(TestNG.java:1134)
at org.testng.TestNG.runSuites(TestNG.java:1063)
at org.testng.TestNG.run(TestNG.java:1031)
at org.testng.remote.AbstractRemoteTestNG.run(AbstractRemoteTestNG.java:115)
at org.testng.remote.RemoteTestNG.initAndRun(RemoteTestNG.java:251)
at org.testng.remote.RemoteTestNG.main(RemoteTestNG.java:77)
]]>
            </full-stacktrace>
          </exception> <!-- org.openqa.selenium.NoSuchElementException -->
          <reporter-output>
          </reporter-output>
        </test-method> <!-- validateSubs -->
        <test-method is-config="true" signature="teardown()[pri:0, instance:urbanLadder.Subscribe@3d8bbcdc]" started-at="2021-09-24T18:21:36 IST" name="teardown" finished-at="2021-09-24T18:21:40 IST" duration-ms="4181" status="PASS">
          <reporter-output>
          </reporter-output>
        </test-method> <!-- teardown -->
      </class> <!-- urbanLadder.Subscribe -->
    </test> <!-- Validating Lines displayed in the Page -->
    <test started-at="2021-09-24T18:21:40 IST" name="Validating Heading displayed in the Page" finished-at="2021-09-24T18:21:51 IST" duration-ms="10538">
      <class name="urbanLadder.Button">
        <test-method is-config="true" signature="initialize()[pri:0, instance:urbanLadder.Button@26fb628]" started-at="2021-09-24T18:21:40 IST" name="initialize" finished-at="2021-09-24T18:21:47 IST" duration-ms="6889" status="PASS">
          <reporter-output>
          </reporter-output>
        </test-method> <!-- initialize -->
        <test-method signature="CustStory()[pri:0, instance:urbanLadder.Button@26fb628]" started-at="2021-09-24T18:21:47 IST" name="CustStory" finished-at="2021-09-24T18:21:51 IST" duration-ms="3477" status="PASS">
          <reporter-output>
          </reporter-output>
        </test-method> <!-- CustStory -->
        <test-method is-config="true" signature="teardown()[pri:0, instance:urbanLadder.Button@26fb628]" started-at="2021-09-24T18:21:51 IST" name="teardown" finished-at="2021-09-24T18:21:51 IST" duration-ms="168" status="PASS">
          <reporter-output>
          </reporter-output>
        </test-method> <!-- teardown -->
      </class> <!-- urbanLadder.Button -->
    </test> <!-- Validating Heading displayed in the Page -->
  </suite> <!-- Suite -->
</testng-results>
